Build started 3/27/2013 1:29:41 PM.
     1>Project "C:\Users\Javid\Desktop\HMM Project\HMM Project\HMMGestureRecognizer\HMMGestureRecognizer\HMMGestureRecognizer.vcxproj" on node 2 (build target(s)).
     1>InitializeBuildStatus:
         Creating "Debug\HMMGestureRecognizer.unsuccessfulbuild" because "AlwaysCreate" was specified.
       ClCompile:
         c:\Program Files (x86)\Microsoft Visual Studio 10.0\VC\bin\CL.exe /c /ZI /nologo /W3 /WX- /Od /Oy- /D _MBCS /Gm /EHsc /RTC1 /MDd /GS /fp:precise /Zc:wchar_t /Zc:forScope /Fo"Debug\\" /Fd"Debug\vc100.pdb" /Gd /TP /analyze- /errorReport:prompt CodeBook.cpp Gesture.cpp GestureCollection.cpp HMM.cpp KinectHandler.cpp main.cpp Menu.cpp ObservationSeq.cpp
         ObservationSeq.cpp
         Menu.cpp
         main.cpp
         KinectHandler.cpp
         HMM.cpp
     1>c:\users\javid\desktop\hmm project\hmm project\hmmgesturerecognizer\hmmgesturerecognizer\hmm.cpp(43): warning C4244: 'argument' : conversion from 'time_t' to 'unsigned int', possible loss of data
     1>c:\users\javid\desktop\hmm project\hmm project\hmmgesturerecognizer\hmmgesturerecognizer\hmm.cpp(50): warning C4018: '<' : signed/unsigned mismatch
     1>c:\users\javid\desktop\hmm project\hmm project\hmmgesturerecognizer\hmmgesturerecognizer\hmm.cpp(67): warning C4018: '<' : signed/unsigned mismatch
     1>c:\users\javid\desktop\hmm project\hmm project\hmmgesturerecognizer\hmmgesturerecognizer\hmm.cpp(68): warning C4018: '<' : signed/unsigned mismatch
     1>c:\users\javid\desktop\hmm project\hmm project\hmmgesturerecognizer\hmmgesturerecognizer\hmm.cpp(124): warning C4018: '<' : signed/unsigned mismatch
     1>c:\users\javid\desktop\hmm project\hmm project\hmmgesturerecognizer\hmmgesturerecognizer\hmm.cpp(145): warning C4018: '<' : signed/unsigned mismatch
     1>c:\users\javid\desktop\hmm project\hmm project\hmmgesturerecognizer\hmmgesturerecognizer\hmm.cpp(168): warning C4018: '<' : signed/unsigned mismatch
     1>c:\users\javid\desktop\hmm project\hmm project\hmmgesturerecognizer\hmmgesturerecognizer\hmm.cpp(178): warning C4018: '<' : signed/unsigned mismatch
     1>c:\users\javid\desktop\hmm project\hmm project\hmmgesturerecognizer\hmmgesturerecognizer\hmm.cpp(184): warning C4018: '<' : signed/unsigned mismatch
     1>c:\users\javid\desktop\hmm project\hmm project\hmmgesturerecognizer\hmmgesturerecognizer\hmm.cpp(189): warning C4018: '<' : signed/unsigned mismatch
     1>c:\users\javid\desktop\hmm project\hmm project\hmmgesturerecognizer\hmmgesturerecognizer\hmm.cpp(337): warning C4018: '<' : signed/unsigned mismatch
     1>c:\users\javid\desktop\hmm project\hmm project\hmmgesturerecognizer\hmmgesturerecognizer\hmm.cpp(371): warning C4018: '<' : signed/unsigned mismatch
     1>c:\users\javid\desktop\hmm project\hmm project\hmmgesturerecognizer\hmmgesturerecognizer\hmm.cpp(435): warning C4018: '<' : signed/unsigned mismatch
     1>c:\users\javid\desktop\hmm project\hmm project\hmmgesturerecognizer\hmmgesturerecognizer\hmm.cpp(455): warning C4018: '<' : signed/unsigned mismatch
     1>c:\users\javid\desktop\hmm project\hmm project\hmmgesturerecognizer\hmmgesturerecognizer\hmm.cpp(502): warning C4018: '<' : signed/unsigned mismatch
     1>c:\users\javid\desktop\hmm project\hmm project\hmmgesturerecognizer\hmmgesturerecognizer\hmm.cpp(571): warning C4018: '<' : signed/unsigned mismatch
     1>c:\users\javid\desktop\hmm project\hmm project\hmmgesturerecognizer\hmmgesturerecognizer\hmm.cpp(580): warning C4018: '<' : signed/unsigned mismatch
         GestureCollection.cpp
     1>c:\users\javid\desktop\hmm project\hmm project\hmmgesturerecognizer\hmmgesturerecognizer\gesturecollection.cpp(10): warning C4355: 'this' : used in base member initializer list
     1>c:\users\javid\desktop\hmm project\hmm project\hmmgesturerecognizer\hmmgesturerecognizer\gesturecollection.cpp(10): warning C4355: 'this' : used in base member initializer list
     1>c:\users\javid\desktop\hmm project\hmm project\hmmgesturerecognizer\hmmgesturerecognizer\gesturecollection.cpp(251): warning C4018: '<' : signed/unsigned mismatch
     1>c:\users\javid\desktop\hmm project\hmm project\hmmgesturerecognizer\hmmgesturerecognizer\gesturecollection.cpp(255): warning C4018: '<' : signed/unsigned mismatch
     1>c:\users\javid\desktop\hmm project\hmm project\hmmgesturerecognizer\hmmgesturerecognizer\gesturecollection.cpp(273): warning C4018: '<' : signed/unsigned mismatch
         Gesture.cpp
         CodeBook.cpp
     1>c:\users\javid\desktop\hmm project\hmm project\hmmgesturerecognizer\hmmgesturerecognizer\codebook.cpp(30): warning C4244: 'argument' : conversion from 'time_t' to 'unsigned int', possible loss of data
     1>c:\users\javid\desktop\hmm project\hmm project\hmmgesturerecognizer\hmmgesturerecognizer\codebook.cpp(104): warning C4018: '<' : signed/unsigned mismatch
     1>c:\users\javid\desktop\hmm project\hmm project\hmmgesturerecognizer\hmmgesturerecognizer\codebook.cpp(122): warning C4018: '<' : signed/unsigned mismatch
     1>c:\users\javid\desktop\hmm project\hmm project\hmmgesturerecognizer\hmmgesturerecognizer\codebook.cpp(129): warning C4018: '<' : signed/unsigned mismatch
     1>c:\users\javid\desktop\hmm project\hmm project\hmmgesturerecognizer\hmmgesturerecognizer\codebook.cpp(179): warning C4018: '<' : signed/unsigned mismatch
     1>c:\users\javid\desktop\hmm project\hmm project\hmmgesturerecognizer\hmmgesturerecognizer\codebook.cpp(195): warning C4018: '<' : signed/unsigned mismatch
     1>c:\users\javid\desktop\hmm project\hmm project\hmmgesturerecognizer\hmmgesturerecognizer\codebook.cpp(216): warning C4018: '<' : signed/unsigned mismatch
     1>c:\users\javid\desktop\hmm project\hmm project\hmmgesturerecognizer\hmmgesturerecognizer\codebook.cpp(249): warning C4018: '<' : signed/unsigned mismatch
     1>c:\users\javid\desktop\hmm project\hmm project\hmmgesturerecognizer\hmmgesturerecognizer\codebook.cpp(268): warning C4018: '<' : signed/unsigned mismatch
     1>c:\users\javid\desktop\hmm project\hmm project\hmmgesturerecognizer\hmmgesturerecognizer\codebook.cpp(291): warning C4018: '<' : signed/unsigned mismatch
     1>c:\users\javid\desktop\hmm project\hmm project\hmmgesturerecognizer\hmmgesturerecognizer\codebook.cpp(295): warning C4018: '<' : signed/unsigned mismatch
         Generating Code...
       ResourceCompile:
         C:\Program Files (x86)\Microsoft SDKs\Windows\v7.0A\bin\rc.exe /l"0x0409" /nologo /fo"Debug\HMMGestureRecognizer.res" HMMGestureRecognizer.rc 
       Link:
         c:\Program Files (x86)\Microsoft Visual Studio 10.0\VC\bin\link.exe /ERRORREPORT:PROMPT /OUT:"C:\Users\Javid\Desktop\HMM Project\HMM Project\HMMGestureRecognizer\Debug\HMMGestureRecognizer.exe" /NOLOGO MSRKinectNUI.lib kernel32.lib user32.lib gdi32.lib winspool.lib comdlg32.lib advapi32.lib shell32.lib ole32.lib oleaut32.lib uuid.lib odbc32.lib odbccp32.lib /MANIFEST /ManifestFile:"Debug\HMMGestureRecognizer.exe.intermediate.manifest" /MANIFESTUAC:"level='asInvoker' uiAccess='false'" /DEBUG /PDB:"C:\Users\Javid\Desktop\HMM Project\HMM Project\HMMGestureRecognizer\Debug\HMMGestureRecognizer.pdb" /TLBID:1 /DYNAMICBASE /NXCOMPAT /IMPLIB:"C:\Users\Javid\Desktop\HMM Project\HMM Project\HMMGestureRecognizer\Debug\HMMGestureRecognizer.lib" /MACHINE:X86 Debug\HMMGestureRecognizer.res
         Debug\CodeBook.obj
         Debug\Gesture.obj
         Debug\GestureCollection.obj
         Debug\HMM.obj
         Debug\KinectHandler.obj
         Debug\main.obj
         Debug\Menu.obj
         Debug\ObservationSeq.obj
         HMMGestureRecognizer.vcxproj -> C:\Users\Javid\Desktop\HMM Project\HMM Project\HMMGestureRecognizer\Debug\HMMGestureRecognizer.exe
       Manifest:
         C:\Program Files (x86)\Microsoft SDKs\Windows\v7.0A\bin\mt.exe /nologo /verbose /outputresource:"C:\Users\Javid\Desktop\HMM Project\HMM Project\HMMGestureRecognizer\Debug\HMMGestureRecognizer.exe;#1" /manifest Debug\HMMGestureRecognizer.exe.intermediate.manifest
       FinalizeBuildStatus:
         Deleting file "Debug\HMMGestureRecognizer.unsuccessfulbuild".
         Touching "Debug\HMMGestureRecognizer.lastbuildstate".
     1>Done Building Project "C:\Users\Javid\Desktop\HMM Project\HMM Project\HMMGestureRecognizer\HMMGestureRecognizer\HMMGestureRecognizer.vcxproj" (build target(s)).

Build succeeded.

Time Elapsed 00:00:10.23
