C:\USERS\JAVID\DESKTOP\HMM PROJECT\HMM PROJECT\HMMGESTURERECOGNIZER\DEBUG\HMMGESTURERECOGNIZER.EXE
C:\USERS\JAVID\DESKTOP\HMM PROJECT\HMM PROJECT\HMMGESTURERECOGNIZER\DEBUG\HMMGESTURERECOGNIZER.ILK
C:\USERS\JAVID\DESKTOP\HMM PROJECT\HMM PROJECT\HMMGESTURERECOGNIZER\DEBUG\HMMGESTURERECOGNIZER.PDB
C:\Users\Javid\Desktop\HMM Project\HMM Project\HMMGestureRecognizer\HMMGestureRecognizer\Debug\cl.command.1.tlog
C:\Users\Javid\Desktop\HMM Project\HMM Project\HMMGestureRecognizer\HMMGestureRecognizer\Debug\CL.read.1.tlog
C:\Users\Javid\Desktop\HMM Project\HMM Project\HMMGestureRecognizer\HMMGestureRecognizer\Debug\CL.write.1.tlog
C:\USERS\JAVID\DESKTOP\HMM PROJECT\HMM PROJECT\HMMGESTURERECOGNIZER\HMMGESTURERECOGNIZER\DEBUG\CODEBOOK.OBJ
C:\USERS\JAVID\DESKTOP\HMM PROJECT\HMM PROJECT\HMMGESTURERECOGNIZER\HMMGESTURERECOGNIZER\DEBUG\GESTURE.OBJ
C:\USERS\JAVID\DESKTOP\HMM PROJECT\HMM PROJECT\HMMGESTURERECOGNIZER\HMMGESTURERECOGNIZER\DEBUG\GESTURECOLLECTION.OBJ
C:\USERS\JAVID\DESKTOP\HMM PROJECT\HMM PROJECT\HMMGESTURERECOGNIZER\HMMGESTURERECOGNIZER\DEBUG\HMM.OBJ
C:\USERS\JAVID\DESKTOP\HMM PROJECT\HMM PROJECT\HMMGESTURERECOGNIZER\HMMGESTURERECOGNIZER\DEBUG\HMMGESTURERECOGNIZER.EXE.INTERMEDIATE.MANIFEST
C:\USERS\JAVID\DESKTOP\HMM PROJECT\HMM PROJECT\HMMGESTURERECOGNIZER\HMMGESTURERECOGNIZER\DEBUG\HMMGESTURERECOGNIZER.RES
C:\Users\Javid\Desktop\HMM Project\HMM Project\HMMGestureRecognizer\HMMGestureRecognizer\Debug\HMMGestureRecognizer.vcxprojResolveAssemblyReference.cache
C:\Users\Javid\Desktop\HMM Project\HMM Project\HMMGestureRecognizer\HMMGestureRecognizer\Debug\HMMGestureRecognizer.write.1.tlog
C:\USERS\JAVID\DESKTOP\HMM PROJECT\HMM PROJECT\HMMGESTURERECOGNIZER\HMMGESTURERECOGNIZER\DEBUG\KINECTHANDLER.OBJ
C:\Users\Javid\Desktop\HMM Project\HMM Project\HMMGestureRecognizer\HMMGestureRecognizer\Debug\link.command.1.tlog
C:\Users\Javid\Desktop\HMM Project\HMM Project\HMMGestureRecognizer\HMMGestureRecognizer\Debug\link.read.1.tlog
C:\Users\Javid\Desktop\HMM Project\HMM Project\HMMGestureRecognizer\HMMGestureRecognizer\Debug\link.write.1.tlog
C:\Users\Javid\Desktop\HMM Project\HMM Project\HMMGestureRecognizer\HMMGestureRecognizer\Debug\link-cvtres.read.1.tlog
C:\Users\Javid\Desktop\HMM Project\HMM Project\HMMGestureRecognizer\HMMGestureRecognizer\Debug\link-cvtres.write.1.tlog
C:\USERS\JAVID\DESKTOP\HMM PROJECT\HMM PROJECT\HMMGESTURERECOGNIZER\HMMGESTURERECOGNIZER\DEBUG\MAIN.OBJ
C:\USERS\JAVID\DESKTOP\HMM PROJECT\HMM PROJECT\HMMGESTURERECOGNIZER\HMMGESTURERECOGNIZER\DEBUG\MENU.OBJ
C:\Users\Javid\Desktop\HMM Project\HMM Project\HMMGestureRecognizer\HMMGestureRecognizer\Debug\mt.command.1.tlog
C:\Users\Javid\Desktop\HMM Project\HMM Project\HMMGestureRecognizer\HMMGestureRecognizer\Debug\mt.read.1.tlog
C:\Users\Javid\Desktop\HMM Project\HMM Project\HMMGestureRecognizer\HMMGestureRecognizer\Debug\mt.write.1.tlog
C:\USERS\JAVID\DESKTOP\HMM PROJECT\HMM PROJECT\HMMGESTURERECOGNIZER\HMMGESTURERECOGNIZER\DEBUG\OBSERVATIONSEQ.OBJ
C:\Users\Javid\Desktop\HMM Project\HMM Project\HMMGestureRecognizer\HMMGestureRecognizer\Debug\rc.command.1.tlog
C:\Users\Javid\Desktop\HMM Project\HMM Project\HMMGestureRecognizer\HMMGestureRecognizer\Debug\rc.read.1.tlog
C:\Users\Javid\Desktop\HMM Project\HMM Project\HMMGestureRecognizer\HMMGestureRecognizer\Debug\rc.write.1.tlog
C:\Users\Javid\Desktop\HMM Project\HMM Project\HMMGestureRecognizer\HMMGestureRecognizer\Debug\vc100.idb
C:\USERS\JAVID\DESKTOP\HMM PROJECT\HMM PROJECT\HMMGESTURERECOGNIZER\HMMGESTURERECOGNIZER\DEBUG\VC100.PDB
