0 info it worked if it ends with ok
1 verbose cli [ 'C:\\Program Files\\nodejs\\node.exe',
1 verbose cli   'C:\\Program Files\\nodejs\\node_modules\\npm\\bin\\npm-cli.js',
1 verbose cli   'run',
1 verbose cli   'test-notes-sqlite3' ]
2 info using npm@4.0.5
3 info using node@v6.9.1
4 verbose run-script [ 'pretest-notes-sqlite3',
4 verbose run-script   'test-notes-sqlite3',
4 verbose run-script   'posttest-notes-sqlite3' ]
5 info lifecycle notes@0.0.0~pretest-notes-sqlite3: notes@0.0.0
6 silly lifecycle notes@0.0.0~pretest-notes-sqlite3: no script for pretest-notes-sqlite3, continuing
7 info lifecycle notes@0.0.0~test-notes-sqlite3: notes@0.0.0
8 verbose lifecycle notes@0.0.0~test-notes-sqlite3: unsafe-perm in lifecycle true
9 verbose lifecycle notes@0.0.0~test-notes-sqlite3: PATH: C:\Users\javidscool\AppData\Roaming\nvm\v6.9.1\node_modules\npm\bin\node-gyp-bin;D:\shit\JavaScript_Programming\Node.JS\Node.JS_Web_Development\Examples\notes\node_modules\.bin;C:\ProgramData\Oracle\Java\javapath;c:\Program Files (x86)\Intel\iCLS Client\;c:\Program Files\Intel\iCLS Client\;C:\Program Files\Broadcom\Broadcom 802.11 Network Adapter\Driver;C:\Windows\system32;C:\Windows;C:\Windows\System32\Wbem;C:\Windows\System32\WindowsPowerShell\v1.0\;c:\Program Files\WIDCOMM\Bluetooth Software\;c:\Program Files\WIDCOMM\Bluetooth Software\syswow64;C:\Program Files\Intel\Intel(R) Management Engine Components\DAL;C:\Program Files\Intel\Intel(R) Management Engine Components\IPT;C:\Program Files (x86)\Intel\Intel(R) Management Engine Components\DAL;C:\Program Files (x86)\Intel\Intel(R) Management Engine Components\IPT;C:\Program Files\TortoiseSVN\bin;C:\Program Files\mingw-builds\x64-4.8.1-posix-seh-rev5\mingw64\bin;C:\Program Files\Microsoft SQL Server\110\Tools\Binn\;C:\Program Files (x86)\Microsoft SDKs\TypeScript\1.0\;C:\Program Files\Microsoft SQL Server\120\Tools\Binn\;C:\Program Files (x86)\Microsoft SQL Server\100\Tools\Binn\;C:\Program Files\Microsoft SQL Server\100\Tools\Binn\;C:\Program Files\Microsoft SQL Server\100\DTS\Binn\;C:\Program Files (x86)\NVIDIA Corporation\PhysX\Common;C:\Users\javidscool\AppData\Roaming\nvm;C:\Program Files\nodejs;C:\Users\javidscool\AppData\Local\Programs\Git\cmd;C:\Program Files\MySQL\MySQL Utilities 1.6\;C:\ProgramData\Oracle\Java\javapath;c:\Program Files (x86)\Intel\iCLS Client\;c:\Program Files\Intel\iCLS Client\;C:\Program Files\Broadcom\Broadcom 802.11 Network Adapter\Driver;C:\Windows\system32;C:\Windows;C:\Windows\System32\Wbem;C:\Windows\System32\WindowsPowerShell\v1.0\;c:\Program Files\WIDCOMM\Bluetooth Software\;c:\Program Files\WIDCOMM\Bluetooth Software\syswow64;C:\Program Files\Intel\Intel(R) Management Engine Components\DAL;C:\Program Files\Intel\Intel(R) Management Engine Components\IPT;C:\Program Files (x86)\Intel\Intel(R) Management Engine Components\DAL;C:\Program Files (x86)\Intel\Intel(R) Management Engine Components\IPT;C:\Program Files\TortoiseSVN\bin;C:\Program Files\mingw-builds\x64-4.8.1-posix-seh-rev5\mingw64\bin;C:\Program Files\Microsoft SQL Server\110\Tools\Binn\;C:\Program Files (x86)\Microsoft SDKs\TypeScript\1.0\;C:\Program Files\Microsoft SQL Server\120\Tools\Binn\;C:\Program Files (x86)\Microsoft SQL Server\100\Tools\Binn\;C:\Program Files\Microsoft SQL Server\100\Tools\Binn\;C:\Users\javidscool\AppData\Local\Programs\Git\cmd;C:\Program Files\Sqlite3;C:\Program Files\MongoDB\Server\3.4\bin
10 verbose lifecycle notes@0.0.0~test-notes-sqlite3: CWD: D:\shit\JavaScript_Programming\Node.JS\Node.JS_Web_Development\Examples\notes
11 silly lifecycle notes@0.0.0~test-notes-sqlite3: Args: [ '/d /s /c',
11 silly lifecycle   'del notes.sqlite3 && sqlite3 notes.sqlite3 --init models/schema-sqlite3.sql </dev/null&& set MODEL_TO_TEST=../models/notes-sqlite3&& set SQLITE_FILE=notes.sqlite3&& mocha' ]
12 silly lifecycle notes@0.0.0~test-notes-sqlite3: Returned: code: 1  signal: null
13 info lifecycle notes@0.0.0~test-notes-sqlite3: Failed to exec test-notes-sqlite3 script
14 verbose stack Error: notes@0.0.0 test-notes-sqlite3: `del notes.sqlite3 && sqlite3 notes.sqlite3 --init models/schema-sqlite3.sql </dev/null&& set MODEL_TO_TEST=../models/notes-sqlite3&& set SQLITE_FILE=notes.sqlite3&& mocha`
14 verbose stack Exit status 1
14 verbose stack     at EventEmitter.<anonymous> (C:\Users\javidscool\AppData\Roaming\nvm\v6.9.1\node_modules\npm\lib\utils\lifecycle.js:279:16)
14 verbose stack     at emitTwo (events.js:106:13)
14 verbose stack     at EventEmitter.emit (events.js:191:7)
14 verbose stack     at ChildProcess.<anonymous> (C:\Users\javidscool\AppData\Roaming\nvm\v6.9.1\node_modules\npm\lib\utils\spawn.js:40:14)
14 verbose stack     at emitTwo (events.js:106:13)
14 verbose stack     at ChildProcess.emit (events.js:191:7)
14 verbose stack     at maybeClose (internal/child_process.js:877:16)
14 verbose stack     at Process.ChildProcess._handle.onexit (internal/child_process.js:226:5)
15 verbose pkgid notes@0.0.0
16 verbose cwd D:\shit\JavaScript_Programming\Node.JS\Node.JS_Web_Development\Examples\notes
17 error Windows_NT 6.1.7601
18 error argv "C:\\Program Files\\nodejs\\node.exe" "C:\\Program Files\\nodejs\\node_modules\\npm\\bin\\npm-cli.js" "run" "test-notes-sqlite3"
19 error node v6.9.1
20 error npm  v4.0.5
21 error code ELIFECYCLE
22 error notes@0.0.0 test-notes-sqlite3: `del notes.sqlite3 && sqlite3 notes.sqlite3 --init models/schema-sqlite3.sql </dev/null&& set MODEL_TO_TEST=../models/notes-sqlite3&& set SQLITE_FILE=notes.sqlite3&& mocha`
22 error Exit status 1
23 error Failed at the notes@0.0.0 test-notes-sqlite3 script 'del notes.sqlite3 && sqlite3 notes.sqlite3 --init models/schema-sqlite3.sql </dev/null&& set MODEL_TO_TEST=../models/notes-sqlite3&& set SQLITE_FILE=notes.sqlite3&& mocha'.
23 error Make sure you have the latest version of node.js and npm installed.
23 error If you do, this is most likely a problem with the notes package,
23 error not with npm itself.
23 error Tell the author that this fails on your system:
23 error     del notes.sqlite3 && sqlite3 notes.sqlite3 --init models/schema-sqlite3.sql </dev/null&& set MODEL_TO_TEST=../models/notes-sqlite3&& set SQLITE_FILE=notes.sqlite3&& mocha
23 error You can get information on how to open an issue for this project with:
23 error     npm bugs notes
23 error Or if that isn't available, you can get their info via:
23 error     npm owner ls notes
23 error There is likely additional logging output above.
24 verbose exit [ 1, true ]
